TN:
SF:/Users/alvaromartinez/Test/nodejs/verse/verse-db/index.js
FN:9,(anonymous_0)
FNF:1
FNH:1
FNDA:2,(anonymous_0)
DA:3,2
DA:4,2
DA:5,2
DA:6,2
DA:9,2
DA:10,2
DA:22,2
DA:23,2
DA:24,2
DA:26,2
DA:27,2
DA:29,2
DA:31,2
DA:32,0
DA:35,2
DA:36,2
DA:38,2
LF:17
LH:16
BRDA:31,0,0,0
BRDA:31,0,1,2
BRF:2
BRH:1
end_of_record
TN:
SF:/Users/alvaromartinez/Test/nodejs/verse/verse-db/lib/db.js
FN:7,setupDatabase
FNF:1
FNH:1
FNDA:2,setupDatabase
DA:3,1
DA:5,1
DA:7,1
DA:8,2
DA:9,1
DA:11,2
LF:6
LH:6
BRDA:8,0,0,1
BRDA:8,0,1,1
BRF:2
BRH:2
end_of_record
TN:
SF:/Users/alvaromartinez/Test/nodejs/verse/verse-db/models/agent.js
FN:6,setupAgentModel
FNF:1
FNH:0
FNDA:0,setupAgentModel
DA:3,1
DA:4,1
DA:6,1
DA:7,0
DA:9,0
LF:5
LH:3
BRF:0
BRH:0
end_of_record
TN:
SF:/Users/alvaromartinez/Test/nodejs/verse/verse-db/models/metric.js
FN:6,setupMetricModel
FNF:1
FNH:0
FNDA:0,setupMetricModel
DA:3,1
DA:4,1
DA:6,1
DA:7,0
DA:9,0
LF:5
LH:3
BRF:0
BRH:0
end_of_record
TN:
SF:/Users/alvaromartinez/Test/nodejs/verse/verse-db/tests/agent-tests.js
FN:8,(anonymous_4)
FN:19,(anonymous_5)
FN:27,(anonymous_6)
FN:28,(anonymous_7)
FN:34,(anonymous_8)
FN:38,(anonymous_9)
FN:42,(anonymous_10)
FNF:7
FNH:7
FNDA:2,(anonymous_4)
FNDA:2,(anonymous_5)
FNDA:2,(anonymous_6)
FNDA:2,(anonymous_7)
FNDA:2,(anonymous_8)
FNDA:1,(anonymous_9)
FNDA:1,(anonymous_10)
DA:3,1
DA:4,1
DA:5,1
DA:7,1
DA:11,1
DA:15,1
DA:16,1
DA:17,1
DA:19,1
DA:20,2
DA:22,2
DA:26,2
DA:27,2
DA:28,2
DA:31,2
DA:34,1
DA:35,2
DA:38,1
DA:39,1
DA:42,4
DA:43,1
DA:44,1
DA:45,1
DA:46,1
LF:24
LH:24
BRDA:35,0,0,2
BRDA:35,0,1,2
BRF:2
BRH:2
end_of_record
